9: Int =     chr*mns*chr
16: Sub =             Int
5: Cls = chr*asn*sql*Sub*sqr*smc
12: Prt =             Cls
9: Int =     chr*mns*chr
16: Sub =             Int
8: Int =             chr
17: Sub =     Sub*cmm*Int
5: Cls = chr*asn*sql*Sub*sqr*smc
13: Prt =         Prt*Cls
9: Int =     chr*mns*chr
16: Sub =             Int
5: Cls = chr*asn*sql*Sub*sqr*smc
13: Prt =         Prt*Cls
3: Alp =         alp*Prt
18: Trm =             chr
2: Adt =             Trm
18: Trm =             chr
2: Adt =             Trm
14: Reg =             Adt
18: Trm =             chr
2: Adt =             Trm
15: Reg =      Reg*or*Adt
18: Trm =             chr
2: Adt =             Trm
15: Reg =      Reg*or*Adt
18: Trm =             chr
2: Adt =             Trm
15: Reg =      Reg*or*Adt
20: Trm =     prl*Reg*prr
22: Trm =         Trm*pwr
1: Adt =      Adt*cn*Trm
14: Reg =             Adt
6: Def = exp*id*asn*Reg*pnt
7: Exp = reg*id*smc*Alp*Def
10: Lst =             Exp
0: <> =             Lst
#
